<?xml version="1.0" encoding="UTF-8"?>
<!-- Generated by org.testng.reporters.JUnitReportReporter -->
<testsuite hostname="USPHXAWV3PSD417" name="wdframework.tests.SampleTest" tests="1" failures="0" timestamp="22 May 2015 03:19:22 GMT" time="19.345" errors="0">
  <testcase name="TestGoogle" time="19.345" classname="wdframework.tests.SampleTest"/>
</testsuite> <!-- wdframework.tests.SampleTest -->
