<?xml version="1.0" encoding="UTF-8"?>
<!-- Generated by org.testng.reporters.JUnitReportReporter -->
<testsuite hostname="USPHXAWV3PSD417" name="wdframework.tests.Sample" tests="1" failures="0" timestamp="13 May 2015 06:05:38 GMT" time="12.295" errors="0">
  <testcase name="SampleTest" time="12.295" classname="wdframework.tests.Sample"/>
</testsuite> <!-- wdframework.tests.Sample -->
