<?xml version="1.0" encoding="UTF-8"?>
<!-- Generated by org.testng.reporters.JUnitReportReporter -->
<testsuite hostname="USPHXAWV3PSD417" name="wdframework.tests.SampleTest" tests="1" failures="0" timestamp="19 May 2015 04:05:28 GMT" time="14.959" errors="0">
  <testcase name="TestGoogle" time="14.959" classname="wdframework.tests.SampleTest"/>
</testsuite> <!-- wdframework.tests.SampleTest -->
